2015-09-17 16:07:46,213 [Worker-325] INFO  o.e.m.c.i.p.ProjectConfigurationManager - Collecting project info '/pom.xml' G:\Eclipse EE\core java\map\pom.xml
2015-09-17 16:07:52,595 [Worker-325] INFO  o.e.m.c.i.l.LifecycleMappingFactory - Using org.eclipse.m2e.jdt.JarLifecycleMapping lifecycle mapping for MavenProject: com.spring.di:map:0.0.1-SNAPSHOT @ G:\Eclipse EE\core java\map\pom.xml.
2015-09-17 16:07:55,678 [Worker-328] INFO  o.e.m.c.i.e.AbstractTransferListenerAdapter - Downloading http://repo.maven.apache.org/maven2/junit/junit/3.8.1/junit-3.8.1-sources.jar
2015-09-17 16:07:56,851 [Worker-328] INFO  o.e.m.c.i.e.AbstractTransferListenerAdapter - Downloaded http://repo.maven.apache.org/maven2/junit/junit/3.8.1/junit-3.8.1-sources.jar
2015-09-17 16:07:57,128 [Worker-328] INFO  o.e.m.j.internal.DownloadSourcesJob - Downloaded sources for junit:junit:3.8.1
2015-09-17 16:07:57,495 [Worker-328] INFO  o.e.m.c.i.e.AbstractTransferListenerAdapter - Downloaded http://repo.maven.apache.org/maven2/junit/junit/3.8.1/junit-3.8.1-javadoc.jar
2015-09-17 16:07:57,584 [Worker-328] ERROR o.e.m.j.internal.DownloadSourcesJob - Could not download sources for junit:junit:3.8.1
org.eclipse.core.runtime.CoreException: Could not resolve artifact junit:junit:jar:javadoc:3.8.1
	at org.eclipse.m2e.core.internal.embedder.MavenImpl$5.call(MavenImpl.java:769) ~[org.eclipse.m2e.core_1.5.1.20150109-1820.jar:na]
	at org.eclipse.m2e.core.internal.embedder.MavenImpl$5.call(MavenImpl.java:1) ~[org.eclipse.m2e.core_1.5.1.20150109-1820.jar:na]
	at org.eclipse.m2e.core.internal.embedder.MavenExecutionContext.executeBare(MavenExecutionContext.java:166) [org.eclipse.m2e.core_1.5.1.20150109-1820.jar:na]
	at org.eclipse.m2e.core.internal.embedder.MavenExecutionContext.execute(MavenExecutionContext.java:109) [org.eclipse.m2e.core_1.5.1.20150109-1820.jar:na]
	at org.eclipse.m2e.core.internal.embedder.MavenExecutionContext.execute(MavenExecutionContext.java:96) [org.eclipse.m2e.core_1.5.1.20150109-1820.jar:na]
	at org.eclipse.m2e.core.internal.embedder.MavenImpl.resolve(MavenImpl.java:736) [org.eclipse.m2e.core_1.5.1.20150109-1820.jar:na]
	at org.eclipse.m2e.core.internal.embedder.MavenImpl.resolve(MavenImpl.java:713) [org.eclipse.m2e.core_1.5.1.20150109-1820.jar:na]
	at org.eclipse.m2e.jdt.internal.DownloadSourcesJob.download(DownloadSourcesJob.java:244) [org.eclipse.m2e.jdt_1.5.1.20150109-1820.jar:na]
	at org.eclipse.m2e.jdt.internal.DownloadSourcesJob.downloadAttachments(DownloadSourcesJob.java:232) [org.eclipse.m2e.jdt_1.5.1.20150109-1820.jar:na]
	at org.eclipse.m2e.jdt.internal.DownloadSourcesJob.downloadMaven(DownloadSourcesJob.java:197) [org.eclipse.m2e.jdt_1.5.1.20150109-1820.jar:na]
	at org.eclipse.m2e.jdt.internal.DownloadSourcesJob.run(DownloadSourcesJob.java:153) [org.eclipse.m2e.jdt_1.5.1.20150109-1820.jar:na]
	at org.eclipse.m2e.jdt.internal.DownloadSourcesJob$1.call(DownloadSourcesJob.java:136) [org.eclipse.m2e.jdt_1.5.1.20150109-1820.jar:na]
	at org.eclipse.m2e.jdt.internal.DownloadSourcesJob$1.call(DownloadSourcesJob.java:1) [org.eclipse.m2e.jdt_1.5.1.20150109-1820.jar:na]
	at org.eclipse.m2e.core.internal.embedder.MavenExecutionContext.executeBare(MavenExecutionContext.java:166) [org.eclipse.m2e.core_1.5.1.20150109-1820.jar:na]
	at org.eclipse.m2e.core.internal.embedder.MavenExecutionContext.execute(MavenExecutionContext.java:142) [org.eclipse.m2e.core_1.5.1.20150109-1820.jar:na]
	at org.eclipse.m2e.core.internal.embedder.MavenExecutionContext.execute(MavenExecutionContext.java:96) [org.eclipse.m2e.core_1.5.1.20150109-1820.jar:na]
	at org.eclipse.m2e.core.internal.embedder.MavenImpl.execute(MavenImpl.java:1348) [org.eclipse.m2e.core_1.5.1.20150109-1820.jar:na]
	at org.eclipse.m2e.jdt.internal.DownloadSourcesJob.run(DownloadSourcesJob.java:134) [org.eclipse.m2e.jdt_1.5.1.20150109-1820.jar:na]
	at org.eclipse.core.internal.jobs.Worker.run(Worker.java:54) [org.eclipse.core.jobs_3.6.1.v20141014-1248.jar:na]
2015-09-17 16:07:57,830 [Worker-327] INFO  o.e.m.c.i.l.LifecycleMappingFactory - Using org.eclipse.m2e.jdt.JarLifecycleMapping lifecycle mapping for MavenProject: com.spring.di:map:0.0.1-SNAPSHOT @ G:\Eclipse EE\core java\map\pom.xml.
2015-09-17 16:07:57,837 [Worker-325] INFO  o.e.m.j.i.AbstractJavaProjectConfigurator - Adding source folder /map/src/main/java
2015-09-17 16:07:57,872 [Worker-325] INFO  o.e.m.j.i.AbstractJavaProjectConfigurator - Adding source folder /map/src/test/java
2015-09-17 16:07:58,567 [Worker-325] INFO  o.e.m.c.i.p.ProjectConfigurationManager - Imported and configured 1 project(s) in 12 sec
2015-09-17 16:08:00,202 [Worker-328] INFO  o.e.m.c.i.l.LifecycleMappingFactory - Using org.eclipse.m2e.jdt.JarLifecycleMapping lifecycle mapping for MavenProject: com.spring.di:map:0.0.1-SNAPSHOT @ G:\Eclipse EE\core java\map\pom.xml.
2015-09-17 16:08:00,368 [Worker-328] INFO  o.e.m.c.i.embedder.EclipseLogger - Using 'UTF-8' encoding to copy filtered resources.
2015-09-17 16:08:00,368 [Worker-328] INFO  o.e.m.c.i.embedder.EclipseLogger - skip non existing resourceDirectory G:\Eclipse EE\core java\map\src\main\resources
2015-09-17 16:08:00,370 [Worker-328] INFO  o.e.m.c.i.embedder.EclipseLogger - Using 'UTF-8' encoding to copy filtered resources.
2015-09-17 16:08:00,370 [Worker-328] INFO  o.e.m.c.i.embedder.EclipseLogger - skip non existing resourceDirectory G:\Eclipse EE\core java\map\src\test\resources
2015-09-17 16:15:15,775 [Worker-326] INFO  o.e.m.c.i.l.LifecycleMappingFactory - Using org.eclipse.m2e.jdt.JarLifecycleMapping lifecycle mapping for MavenProject: com.spring.di:map:0.0.1-SNAPSHOT @ G:\Eclipse EE\core java\map\pom.xml.
2015-09-17 16:15:16,529 [Worker-326] INFO  o.e.m.c.i.e.AbstractTransferListenerAdapter - Downloading http://repo.maven.apache.org/maven2/org/springframework/spring-core/4.1.4.RELEASE/spring-core-4.1.4.RELEASE.pom
2015-09-17 16:15:17,061 [Worker-326] INFO  o.e.m.c.i.e.AbstractTransferListenerAdapter - Downloaded http://repo.maven.apache.org/maven2/org/springframework/spring-core/4.1.4.RELEASE/spring-core-4.1.4.RELEASE.pom
2015-09-17 16:15:17,352 [Worker-326] INFO  o.e.m.c.i.e.AbstractTransferListenerAdapter - Downloading http://repo.maven.apache.org/maven2/commons-logging/commons-logging/1.2/commons-logging-1.2.pom
2015-09-17 16:15:17,660 [Worker-326] INFO  o.e.m.c.i.e.AbstractTransferListenerAdapter - Downloaded http://repo.maven.apache.org/maven2/commons-logging/commons-logging/1.2/commons-logging-1.2.pom
2015-09-17 16:15:17,954 [Worker-326] INFO  o.e.m.c.i.e.AbstractTransferListenerAdapter - Downloading http://repo.maven.apache.org/maven2/org/apache/commons/commons-parent/34/commons-parent-34.pom
2015-09-17 16:15:18,540 [Worker-326] INFO  o.e.m.c.i.e.AbstractTransferListenerAdapter - Downloaded http://repo.maven.apache.org/maven2/org/apache/commons/commons-parent/34/commons-parent-34.pom
2015-09-17 16:15:18,849 [Worker-326] INFO  o.e.m.c.i.e.AbstractTransferListenerAdapter - Downloading http://repo.maven.apache.org/maven2/org/apache/apache/13/apache-13.pom
2015-09-17 16:15:19,608 [Worker-326] INFO  o.e.m.c.i.e.AbstractTransferListenerAdapter - Downloaded http://repo.maven.apache.org/maven2/org/apache/apache/13/apache-13.pom
2015-09-17 16:15:19,908 [Worker-326] INFO  o.e.m.c.i.e.AbstractTransferListenerAdapter - Downloading http://repo.maven.apache.org/maven2/commons-logging/commons-logging/1.1.1/commons-logging-1.1.1.pom
2015-09-17 16:15:20,528 [Worker-326] INFO  o.e.m.c.i.e.AbstractTransferListenerAdapter - Downloaded http://repo.maven.apache.org/maven2/commons-logging/commons-logging/1.1.1/commons-logging-1.1.1.pom
2015-09-17 16:15:21,098 [Worker-326] INFO  o.e.m.c.i.e.AbstractTransferListenerAdapter - Downloading http://repo.maven.apache.org/maven2/org/apache/commons/commons-parent/5/commons-parent-5.pom
2015-09-17 16:15:21,665 [Worker-326] INFO  o.e.m.c.i.e.AbstractTransferListenerAdapter - Downloaded http://repo.maven.apache.org/maven2/org/apache/commons/commons-parent/5/commons-parent-5.pom
2015-09-17 16:15:21,983 [Worker-326] INFO  o.e.m.c.i.e.AbstractTransferListenerAdapter - Downloading http://repo.maven.apache.org/maven2/org/springframework/spring-core/4.1.4.RELEASE/spring-core-4.1.4.RELEASE.jar
2015-09-17 16:15:29,743 [Worker-326] INFO  o.e.m.c.i.e.AbstractTransferListenerAdapter - Downloaded http://repo.maven.apache.org/maven2/org/springframework/spring-core/4.1.4.RELEASE/spring-core-4.1.4.RELEASE.jar
2015-09-17 16:15:30,007 [Worker-326] INFO  o.e.m.c.i.e.AbstractTransferListenerAdapter - Downloading http://repo.maven.apache.org/maven2/commons-logging/commons-logging/1.1.1/commons-logging-1.1.1.jar
2015-09-17 16:15:30,735 [Worker-326] INFO  o.e.m.c.i.e.AbstractTransferListenerAdapter - Downloaded http://repo.maven.apache.org/maven2/commons-logging/commons-logging/1.1.1/commons-logging-1.1.1.jar
2015-09-17 16:15:31,409 [Worker-326] INFO  o.e.m.c.i.embedder.EclipseLogger - Using 'UTF-8' encoding to copy filtered resources.
2015-09-17 16:15:31,409 [Worker-326] INFO  o.e.m.c.i.embedder.EclipseLogger - skip non existing resourceDirectory G:\Eclipse EE\core java\map\src\main\resources
2015-09-17 16:15:31,410 [Worker-326] INFO  o.e.m.c.i.embedder.EclipseLogger - Using 'UTF-8' encoding to copy filtered resources.
2015-09-17 16:15:31,411 [Worker-326] INFO  o.e.m.c.i.embedder.EclipseLogger - skip non existing resourceDirectory G:\Eclipse EE\core java\map\src\test\resources
2015-09-17 16:15:32,636 [Worker-323] INFO  o.e.m.c.i.embedder.EclipseLogger - Using 'UTF-8' encoding to copy filtered resources.
2015-09-17 16:15:32,636 [Worker-323] INFO  o.e.m.c.i.embedder.EclipseLogger - skip non existing resourceDirectory G:\Eclipse EE\core java\map\src\main\resources
2015-09-17 16:15:32,638 [Worker-323] INFO  o.e.m.c.i.embedder.EclipseLogger - Using 'UTF-8' encoding to copy filtered resources.
2015-09-17 16:15:32,638 [Worker-323] INFO  o.e.m.c.i.embedder.EclipseLogger - skip non existing resourceDirectory G:\Eclipse EE\core java\map\src\test\resources
2015-09-17 16:15:32,654 [Worker-330] INFO  o.e.m.c.i.e.AbstractTransferListenerAdapter - Downloading http://repo.maven.apache.org/maven2/org/springframework/spring-core/4.1.4.RELEASE/spring-core-4.1.4.RELEASE-sources.jar
2015-09-17 16:15:35,271 [Worker-330] INFO  o.e.m.c.i.e.AbstractTransferListenerAdapter - Downloaded http://repo.maven.apache.org/maven2/org/springframework/spring-core/4.1.4.RELEASE/spring-core-4.1.4.RELEASE-sources.jar
2015-09-17 16:15:35,427 [Worker-330] INFO  o.e.m.j.internal.DownloadSourcesJob - Downloaded sources for org.springframework:spring-core:4.1.4.RELEASE
2015-09-17 16:15:35,702 [Worker-330] INFO  o.e.m.c.i.e.AbstractTransferListenerAdapter - Downloading http://repo.maven.apache.org/maven2/org/springframework/spring-core/4.1.4.RELEASE/spring-core-4.1.4.RELEASE-javadoc.jar
2015-09-17 16:15:41,118 [Worker-330] INFO  o.e.m.c.i.e.AbstractTransferListenerAdapter - Downloaded http://repo.maven.apache.org/maven2/org/springframework/spring-core/4.1.4.RELEASE/spring-core-4.1.4.RELEASE-javadoc.jar
2015-09-17 16:15:41,275 [Worker-330] INFO  o.e.m.j.internal.DownloadSourcesJob - Downloaded javadoc for org.springframework:spring-core:4.1.4.RELEASE
2015-09-17 16:15:41,544 [Worker-330] INFO  o.e.m.c.i.e.AbstractTransferListenerAdapter - Downloading http://repo.maven.apache.org/maven2/commons-logging/commons-logging/1.1.1/commons-logging-1.1.1-sources.jar
2015-09-17 16:15:42,131 [Worker-330] INFO  o.e.m.c.i.e.AbstractTransferListenerAdapter - Downloaded http://repo.maven.apache.org/maven2/commons-logging/commons-logging/1.1.1/commons-logging-1.1.1-sources.jar
2015-09-17 16:15:42,313 [Worker-330] INFO  o.e.m.j.internal.DownloadSourcesJob - Downloaded sources for commons-logging:commons-logging:1.1.1
2015-09-17 16:15:42,588 [Worker-330] INFO  o.e.m.c.i.e.AbstractTransferListenerAdapter - Downloading http://repo.maven.apache.org/maven2/commons-logging/commons-logging/1.1.1/commons-logging-1.1.1-javadoc.jar
2015-09-17 16:15:43,209 [Worker-330] INFO  o.e.m.c.i.e.AbstractTransferListenerAdapter - Downloaded http://repo.maven.apache.org/maven2/commons-logging/commons-logging/1.1.1/commons-logging-1.1.1-javadoc.jar
2015-09-17 16:15:43,365 [Worker-330] INFO  o.e.m.j.internal.DownloadSourcesJob - Downloaded javadoc for commons-logging:commons-logging:1.1.1
2015-09-17 16:15:43,568 [Worker-332] INFO  o.e.m.c.i.embedder.EclipseLogger - Using 'UTF-8' encoding to copy filtered resources.
2015-09-17 16:15:43,568 [Worker-332] INFO  o.e.m.c.i.embedder.EclipseLogger - skip non existing resourceDirectory G:\Eclipse EE\core java\map\src\main\resources
2015-09-17 16:15:43,572 [Worker-332] INFO  o.e.m.c.i.embedder.EclipseLogger - Using 'UTF-8' encoding to copy filtered resources.
2015-09-17 16:15:43,573 [Worker-332] INFO  o.e.m.c.i.embedder.EclipseLogger - skip non existing resourceDirectory G:\Eclipse EE\core java\map\src\test\resources
2015-09-17 16:18:19,838 [Worker-330] INFO  o.e.m.c.i.l.LifecycleMappingFactory - Using org.eclipse.m2e.jdt.JarLifecycleMapping lifecycle mapping for MavenProject: com.spring.di:map:0.0.1-SNAPSHOT @ G:\Eclipse EE\core java\map\pom.xml.
2015-09-17 16:18:20,680 [Worker-330] INFO  o.e.m.c.i.e.AbstractTransferListenerAdapter - Downloading http://repo.maven.apache.org/maven2/org/springframework/spring-beans/4.1.4.RELEASE/spring-beans-4.1.4.RELEASE.pom
2015-09-17 16:18:21,351 [Worker-330] INFO  o.e.m.c.i.e.AbstractTransferListenerAdapter - Downloaded http://repo.maven.apache.org/maven2/org/springframework/spring-beans/4.1.4.RELEASE/spring-beans-4.1.4.RELEASE.pom
2015-09-17 16:18:21,730 [Worker-330] INFO  o.e.m.c.i.e.AbstractTransferListenerAdapter - Downloading http://repo.maven.apache.org/maven2/org/springframework/spring-beans/4.1.4.RELEASE/spring-beans-4.1.4.RELEASE.jar
2015-09-17 16:18:25,183 [Worker-330] INFO  o.e.m.c.i.e.AbstractTransferListenerAdapter - Downloaded http://repo.maven.apache.org/maven2/org/springframework/spring-beans/4.1.4.RELEASE/spring-beans-4.1.4.RELEASE.jar
2015-09-17 16:18:25,332 [Worker-330] INFO  o.e.m.c.i.embedder.EclipseLogger - Using 'UTF-8' encoding to copy filtered resources.
2015-09-17 16:18:25,332 [Worker-330] INFO  o.e.m.c.i.embedder.EclipseLogger - skip non existing resourceDirectory G:\Eclipse EE\core java\map\src\main\resources
2015-09-17 16:18:25,333 [Worker-330] INFO  o.e.m.c.i.embedder.EclipseLogger - Using 'UTF-8' encoding to copy filtered resources.
2015-09-17 16:18:25,333 [Worker-330] INFO  o.e.m.c.i.embedder.EclipseLogger - skip non existing resourceDirectory G:\Eclipse EE\core java\map\src\test\resources
2015-09-17 16:18:26,531 [Worker-325] INFO  o.e.m.c.i.embedder.EclipseLogger - Using 'UTF-8' encoding to copy filtered resources.
2015-09-17 16:18:26,531 [Worker-325] INFO  o.e.m.c.i.embedder.EclipseLogger - skip non existing resourceDirectory G:\Eclipse EE\core java\map\src\main\resources
2015-09-17 16:18:26,533 [Worker-325] INFO  o.e.m.c.i.embedder.EclipseLogger - Using 'UTF-8' encoding to copy filtered resources.
2015-09-17 16:18:26,533 [Worker-325] INFO  o.e.m.c.i.embedder.EclipseLogger - skip non existing resourceDirectory G:\Eclipse EE\core java\map\src\test\resources
2015-09-17 16:18:26,707 [Worker-331] INFO  o.e.m.c.i.e.AbstractTransferListenerAdapter - Downloading http://repo.maven.apache.org/maven2/org/springframework/spring-beans/4.1.4.RELEASE/spring-beans-4.1.4.RELEASE-sources.jar
2015-09-17 16:18:29,248 [Worker-331] INFO  o.e.m.c.i.e.AbstractTransferListenerAdapter - Downloaded http://repo.maven.apache.org/maven2/org/springframework/spring-beans/4.1.4.RELEASE/spring-beans-4.1.4.RELEASE-sources.jar
2015-09-17 16:18:29,445 [Worker-331] INFO  o.e.m.j.internal.DownloadSourcesJob - Downloaded sources for org.springframework:spring-beans:4.1.4.RELEASE
2015-09-17 16:18:29,767 [Worker-331] INFO  o.e.m.c.i.e.AbstractTransferListenerAdapter - Downloading http://repo.maven.apache.org/maven2/org/springframework/spring-beans/4.1.4.RELEASE/spring-beans-4.1.4.RELEASE-javadoc.jar
2015-09-17 16:18:35,444 [Worker-331] INFO  o.e.m.c.i.e.AbstractTransferListenerAdapter - Downloaded http://repo.maven.apache.org/maven2/org/springframework/spring-beans/4.1.4.RELEASE/spring-beans-4.1.4.RELEASE-javadoc.jar
2015-09-17 16:18:35,573 [Worker-331] INFO  o.e.m.j.internal.DownloadSourcesJob - Downloaded javadoc for org.springframework:spring-beans:4.1.4.RELEASE
2015-09-17 16:18:35,841 [Worker-328] INFO  o.e.m.c.i.embedder.EclipseLogger - Using 'UTF-8' encoding to copy filtered resources.
2015-09-17 16:18:35,841 [Worker-328] INFO  o.e.m.c.i.embedder.EclipseLogger - skip non existing resourceDirectory G:\Eclipse EE\core java\map\src\main\resources
2015-09-17 16:18:35,843 [Worker-328] INFO  o.e.m.c.i.embedder.EclipseLogger - Using 'UTF-8' encoding to copy filtered resources.
2015-09-17 16:18:35,843 [Worker-328] INFO  o.e.m.c.i.embedder.EclipseLogger - skip non existing resourceDirectory G:\Eclipse EE\core java\map\src\test\resources
2015-09-17 16:24:29,463 [Worker-333] INFO  o.e.m.c.i.embedder.EclipseLogger - Using 'UTF-8' encoding to copy filtered resources.
2015-09-17 16:24:29,463 [Worker-333] INFO  o.e.m.c.i.embedder.EclipseLogger - skip non existing resourceDirectory G:\Eclipse EE\core java\map\src\main\resources
2015-09-17 16:24:29,464 [Worker-333] INFO  o.e.m.c.i.embedder.EclipseLogger - Using 'UTF-8' encoding to copy filtered resources.
2015-09-17 16:24:29,465 [Worker-333] INFO  o.e.m.c.i.embedder.EclipseLogger - skip non existing resourceDirectory G:\Eclipse EE\core java\map\src\test\resources
2015-09-17 16:25:57,413 [Worker-328] INFO  o.e.m.c.i.embedder.EclipseLogger - Using 'UTF-8' encoding to copy filtered resources.
2015-09-17 16:25:57,413 [Worker-328] INFO  o.e.m.c.i.embedder.EclipseLogger - skip non existing resourceDirectory G:\Eclipse EE\core java\map\src\main\resources
2015-09-17 16:25:57,418 [Worker-328] INFO  o.e.m.c.i.embedder.EclipseLogger - Using 'UTF-8' encoding to copy filtered resources.
2015-09-17 16:25:57,418 [Worker-328] INFO  o.e.m.c.i.embedder.EclipseLogger - skip non existing resourceDirectory G:\Eclipse EE\core java\map\src\test\resources
2015-09-17 16:27:36,271 [Worker-328] INFO  o.e.m.c.i.embedder.EclipseLogger - Using 'UTF-8' encoding to copy filtered resources.
2015-09-17 16:27:36,271 [Worker-328] INFO  o.e.m.c.i.embedder.EclipseLogger - skip non existing resourceDirectory G:\Eclipse EE\core java\map\src\main\resources
2015-09-17 16:27:36,272 [Worker-328] INFO  o.e.m.c.i.embedder.EclipseLogger - Using 'UTF-8' encoding to copy filtered resources.
2015-09-17 16:27:36,273 [Worker-328] INFO  o.e.m.c.i.embedder.EclipseLogger - skip non existing resourceDirectory G:\Eclipse EE\core java\map\src\test\resources
2015-09-17 16:28:29,590 [Worker-333] INFO  o.e.m.c.i.embedder.EclipseLogger - Using 'UTF-8' encoding to copy filtered resources.
2015-09-17 16:28:29,590 [Worker-333] INFO  o.e.m.c.i.embedder.EclipseLogger - skip non existing resourceDirectory G:\Eclipse EE\core java\map\src\main\resources
2015-09-17 16:28:29,591 [Worker-333] INFO  o.e.m.c.i.embedder.EclipseLogger - Using 'UTF-8' encoding to copy filtered resources.
2015-09-17 16:28:29,591 [Worker-333] INFO  o.e.m.c.i.embedder.EclipseLogger - skip non existing resourceDirectory G:\Eclipse EE\core java\map\src\test\resources
2015-09-17 16:28:43,790 [Worker-335] INFO  o.e.m.c.i.embedder.EclipseLogger - Using 'UTF-8' encoding to copy filtered resources.
2015-09-17 16:28:43,791 [Worker-335] INFO  o.e.m.c.i.embedder.EclipseLogger - skip non existing resourceDirectory G:\Eclipse EE\core java\map\src\main\resources
2015-09-17 16:28:43,792 [Worker-335] INFO  o.e.m.c.i.embedder.EclipseLogger - Using 'UTF-8' encoding to copy filtered resources.
2015-09-17 16:28:43,793 [Worker-335] INFO  o.e.m.c.i.embedder.EclipseLogger - skip non existing resourceDirectory G:\Eclipse EE\core java\map\src\test\resources
2015-09-17 16:29:49,772 [Worker-331] INFO  o.e.m.c.i.embedder.EclipseLogger - Using 'UTF-8' encoding to copy filtered resources.
2015-09-17 16:29:49,772 [Worker-331] INFO  o.e.m.c.i.embedder.EclipseLogger - skip non existing resourceDirectory G:\Eclipse EE\core java\map\src\main\resources
2015-09-17 16:29:49,773 [Worker-331] INFO  o.e.m.c.i.embedder.EclipseLogger - Using 'UTF-8' encoding to copy filtered resources.
2015-09-17 16:29:49,774 [Worker-331] INFO  o.e.m.c.i.embedder.EclipseLogger - skip non existing resourceDirectory G:\Eclipse EE\core java\map\src\test\resources
2015-09-17 16:30:33,462 [Worker-326] INFO  o.e.m.c.i.embedder.EclipseLogger - Using 'UTF-8' encoding to copy filtered resources.
2015-09-17 16:30:33,462 [Worker-326] INFO  o.e.m.c.i.embedder.EclipseLogger - skip non existing resourceDirectory G:\Eclipse EE\core java\map\src\main\resources
2015-09-17 16:30:33,465 [Worker-326] INFO  o.e.m.c.i.embedder.EclipseLogger - Using 'UTF-8' encoding to copy filtered resources.
2015-09-17 16:30:33,465 [Worker-326] INFO  o.e.m.c.i.embedder.EclipseLogger - skip non existing resourceDirectory G:\Eclipse EE\core java\map\src\test\resources
2015-09-17 16:30:38,847 [Worker-331] INFO  o.e.m.c.i.embedder.EclipseLogger - Using 'UTF-8' encoding to copy filtered resources.
2015-09-17 16:30:38,848 [Worker-331] INFO  o.e.m.c.i.embedder.EclipseLogger - skip non existing resourceDirectory G:\Eclipse EE\core java\map\src\main\resources
2015-09-17 16:30:38,850 [Worker-331] INFO  o.e.m.c.i.embedder.EclipseLogger - Using 'UTF-8' encoding to copy filtered resources.
2015-09-17 16:30:38,850 [Worker-331] INFO  o.e.m.c.i.embedder.EclipseLogger - skip non existing resourceDirectory G:\Eclipse EE\core java\map\src\test\resources
2015-09-17 16:33:53,764 [Worker-325] INFO  o.e.m.c.i.embedder.EclipseLogger - Using 'UTF-8' encoding to copy filtered resources.
2015-09-17 16:33:53,764 [Worker-325] INFO  o.e.m.c.i.embedder.EclipseLogger - skip non existing resourceDirectory G:\Eclipse EE\core java\map\src\main\resources
2015-09-17 16:33:53,766 [Worker-325] INFO  o.e.m.c.i.embedder.EclipseLogger - Using 'UTF-8' encoding to copy filtered resources.
2015-09-17 16:33:53,766 [Worker-325] INFO  o.e.m.c.i.embedder.EclipseLogger - skip non existing resourceDirectory G:\Eclipse EE\core java\map\src\test\resources
2015-09-17 16:34:38,218 [Worker-326] INFO  o.e.m.c.i.embedder.EclipseLogger - Using 'UTF-8' encoding to copy filtered resources.
2015-09-17 16:34:38,218 [Worker-326] INFO  o.e.m.c.i.embedder.EclipseLogger - skip non existing resourceDirectory G:\Eclipse EE\core java\map\src\main\resources
2015-09-17 16:34:38,227 [Worker-326] INFO  o.e.m.c.i.embedder.EclipseLogger - Using 'UTF-8' encoding to copy filtered resources.
2015-09-17 16:34:38,228 [Worker-326] INFO  o.e.m.c.i.embedder.EclipseLogger - skip non existing resourceDirectory G:\Eclipse EE\core java\map\src\test\resources
2015-09-17 16:41:42,802 [Worker-335] INFO  o.e.m.c.i.embedder.EclipseLogger - Using 'UTF-8' encoding to copy filtered resources.
2015-09-17 16:41:42,803 [Worker-335] INFO  o.e.m.c.i.embedder.EclipseLogger - skip non existing resourceDirectory G:\Eclipse EE\core java\map\src\main\resources
2015-09-17 16:41:42,808 [Worker-335] INFO  o.e.m.c.i.embedder.EclipseLogger - Using 'UTF-8' encoding to copy filtered resources.
2015-09-17 16:41:42,808 [Worker-335] INFO  o.e.m.c.i.embedder.EclipseLogger - skip non existing resourceDirectory G:\Eclipse EE\core java\map\src\test\resources
2015-09-17 16:45:16,487 [Worker-333] INFO  o.e.m.c.i.embedder.EclipseLogger - Using 'UTF-8' encoding to copy filtered resources.
2015-09-17 16:45:16,488 [Worker-333] INFO  o.e.m.c.i.embedder.EclipseLogger - skip non existing resourceDirectory G:\Eclipse EE\core java\map\src\main\resources
2015-09-17 16:45:16,490 [Worker-333] INFO  o.e.m.c.i.embedder.EclipseLogger - Using 'UTF-8' encoding to copy filtered resources.
2015-09-17 16:45:16,491 [Worker-333] INFO  o.e.m.c.i.embedder.EclipseLogger - skip non existing resourceDirectory G:\Eclipse EE\core java\map\src\test\resources
2015-09-17 16:55:29,419 [Worker-336] INFO  o.e.m.c.i.embedder.EclipseLogger - Using 'UTF-8' encoding to copy filtered resources.
2015-09-17 16:55:29,420 [Worker-336] INFO  o.e.m.c.i.embedder.EclipseLogger - skip non existing resourceDirectory G:\Eclipse EE\core java\map\src\main\resources
2015-09-17 16:55:29,421 [Worker-336] INFO  o.e.m.c.i.embedder.EclipseLogger - Using 'UTF-8' encoding to copy filtered resources.
2015-09-17 16:55:29,421 [Worker-336] INFO  o.e.m.c.i.embedder.EclipseLogger - skip non existing resourceDirectory G:\Eclipse EE\core java\map\src\test\resources
2015-09-17 16:56:00,968 [Worker-335] INFO  o.e.m.c.i.embedder.EclipseLogger - Using 'UTF-8' encoding to copy filtered resources.
2015-09-17 16:56:00,969 [Worker-335] INFO  o.e.m.c.i.embedder.EclipseLogger - skip non existing resourceDirectory G:\Eclipse EE\core java\map\src\main\resources
2015-09-17 16:56:00,971 [Worker-335] INFO  o.e.m.c.i.embedder.EclipseLogger - Using 'UTF-8' encoding to copy filtered resources.
2015-09-17 16:56:00,971 [Worker-335] INFO  o.e.m.c.i.embedder.EclipseLogger - skip non existing resourceDirectory G:\Eclipse EE\core java\map\src\test\resources
2015-09-17 17:00:06,528 [Worker-330] INFO  o.e.m.c.i.embedder.EclipseLogger - Using 'UTF-8' encoding to copy filtered resources.
2015-09-17 17:00:06,528 [Worker-330] INFO  o.e.m.c.i.embedder.EclipseLogger - skip non existing resourceDirectory G:\Eclipse EE\core java\map\src\main\resources
2015-09-17 17:00:06,531 [Worker-330] INFO  o.e.m.c.i.embedder.EclipseLogger - Using 'UTF-8' encoding to copy filtered resources.
2015-09-17 17:00:06,531 [Worker-330] INFO  o.e.m.c.i.embedder.EclipseLogger - skip non existing resourceDirectory G:\Eclipse EE\core java\map\src\test\resources
2015-09-17 17:00:38,537 [Worker-336] INFO  o.e.m.c.i.embedder.EclipseLogger - Using 'UTF-8' encoding to copy filtered resources.
2015-09-17 17:00:38,537 [Worker-336] INFO  o.e.m.c.i.embedder.EclipseLogger - skip non existing resourceDirectory G:\Eclipse EE\core java\map\src\main\resources
2015-09-17 17:00:38,538 [Worker-336] INFO  o.e.m.c.i.embedder.EclipseLogger - Using 'UTF-8' encoding to copy filtered resources.
2015-09-17 17:00:38,539 [Worker-336] INFO  o.e.m.c.i.embedder.EclipseLogger - skip non existing resourceDirectory G:\Eclipse EE\core java\map\src\test\resources
2015-09-17 17:01:41,887 [Start Help Server] INFO  org.eclipse.jetty.server.Server - jetty-8.1.16.v20140903
2015-09-17 17:01:42,428 [Start Help Server] INFO  o.e.jetty.server.AbstractConnector - Started SelectChannelConnector@127.0.0.1:50028
2015-09-17 17:03:06,954 [Worker-330] INFO  o.e.m.c.i.l.LifecycleMappingFactory - Using org.eclipse.m2e.jdt.JarLifecycleMapping lifecycle mapping for MavenProject: com.spring.di:map:0.0.1-SNAPSHOT @ G:\Eclipse EE\core java\map\pom.xml.
2015-09-17 17:03:07,749 [Worker-330] INFO  o.e.m.c.i.e.AbstractTransferListenerAdapter - Downloading http://repo.maven.apache.org/maven2/org/springframework/spring-context/4.1.4.RELEASE/spring-context-4.1.4.RELEASE.pom
2015-09-17 17:03:08,345 [Worker-330] INFO  o.e.m.c.i.e.AbstractTransferListenerAdapter - Downloaded http://repo.maven.apache.org/maven2/org/springframework/spring-context/4.1.4.RELEASE/spring-context-4.1.4.RELEASE.pom
2015-09-17 17:03:08,663 [Worker-330] INFO  o.e.m.c.i.e.AbstractTransferListenerAdapter - Downloading http://repo.maven.apache.org/maven2/org/springframework/spring-aop/4.1.4.RELEASE/spring-aop-4.1.4.RELEASE.pom
2015-09-17 17:03:09,323 [Worker-330] INFO  o.e.m.c.i.e.AbstractTransferListenerAdapter - Downloaded http://repo.maven.apache.org/maven2/org/springframework/spring-aop/4.1.4.RELEASE/spring-aop-4.1.4.RELEASE.pom
2015-09-17 17:03:09,647 [Worker-330] INFO  o.e.m.c.i.e.AbstractTransferListenerAdapter - Downloading http://repo.maven.apache.org/maven2/aopalliance/aopalliance/1.0/aopalliance-1.0.pom
2015-09-17 17:03:10,268 [Worker-330] INFO  o.e.m.c.i.e.AbstractTransferListenerAdapter - Downloaded http://repo.maven.apache.org/maven2/aopalliance/aopalliance/1.0/aopalliance-1.0.pom
2015-09-17 17:03:10,834 [Worker-330] INFO  o.e.m.c.i.e.AbstractTransferListenerAdapter - Downloading http://repo.maven.apache.org/maven2/org/springframework/spring-expression/4.1.4.RELEASE/spring-expression-4.1.4.RELEASE.pom
2015-09-17 17:03:11,559 [Worker-330] INFO  o.e.m.c.i.e.AbstractTransferListenerAdapter - Downloaded http://repo.maven.apache.org/maven2/org/springframework/spring-expression/4.1.4.RELEASE/spring-expression-4.1.4.RELEASE.pom
2015-09-17 17:03:11,953 [Worker-330] INFO  o.e.m.c.i.e.AbstractTransferListenerAdapter - Downloading http://repo.maven.apache.org/maven2/org/springframework/spring-context/4.1.4.RELEASE/spring-context-4.1.4.RELEASE.jar
2015-09-17 17:03:17,075 [Worker-330] INFO  o.e.m.c.i.e.AbstractTransferListenerAdapter - Downloaded http://repo.maven.apache.org/maven2/org/springframework/spring-context/4.1.4.RELEASE/spring-context-4.1.4.RELEASE.jar
2015-09-17 17:03:17,365 [Worker-330] INFO  o.e.m.c.i.e.AbstractTransferListenerAdapter - Downloading http://repo.maven.apache.org/maven2/org/springframework/spring-aop/4.1.4.RELEASE/spring-aop-4.1.4.RELEASE.jar
2015-09-17 17:03:18,620 [Worker-330] INFO  o.e.m.c.i.e.AbstractTransferListenerAdapter - Downloaded http://repo.maven.apache.org/maven2/org/springframework/spring-aop/4.1.4.RELEASE/spring-aop-4.1.4.RELEASE.jar
2015-09-17 17:03:18,925 [Worker-330] INFO  o.e.m.c.i.e.AbstractTransferListenerAdapter - Downloading http://repo.maven.apache.org/maven2/aopalliance/aopalliance/1.0/aopalliance-1.0.jar
2015-09-17 17:03:18,982 [Worker-330] INFO  o.e.m.c.i.e.AbstractTransferListenerAdapter - Downloaded http://repo.maven.apache.org/maven2/aopalliance/aopalliance/1.0/aopalliance-1.0.jar
2015-09-17 17:03:19,272 [Worker-330] INFO  o.e.m.c.i.e.AbstractTransferListenerAdapter - Downloading http://repo.maven.apache.org/maven2/org/springframework/spring-expression/4.1.4.RELEASE/spring-expression-4.1.4.RELEASE.jar
2015-09-17 17:03:20,178 [Worker-330] INFO  o.e.m.c.i.e.AbstractTransferListenerAdapter - Downloaded http://repo.maven.apache.org/maven2/org/springframework/spring-expression/4.1.4.RELEASE/spring-expression-4.1.4.RELEASE.jar
2015-09-17 17:03:21,084 [Worker-330] INFO  o.e.m.c.i.embedder.EclipseLogger - Using 'UTF-8' encoding to copy filtered resources.
2015-09-17 17:03:21,085 [Worker-330] INFO  o.e.m.c.i.embedder.EclipseLogger - skip non existing resourceDirectory G:\Eclipse EE\core java\map\src\main\resources
2015-09-17 17:03:21,086 [Worker-330] INFO  o.e.m.c.i.embedder.EclipseLogger - Using 'UTF-8' encoding to copy filtered resources.
2015-09-17 17:03:21,086 [Worker-330] INFO  o.e.m.c.i.embedder.EclipseLogger - skip non existing resourceDirectory G:\Eclipse EE\core java\map\src\test\resources
2015-09-17 17:03:21,387 [Worker-325] INFO  o.e.m.c.i.embedder.EclipseLogger - Using 'UTF-8' encoding to copy filtered resources.
2015-09-17 17:03:21,388 [Worker-325] INFO  o.e.m.c.i.embedder.EclipseLogger - skip non existing resourceDirectory G:\Eclipse EE\core java\map\src\main\resources
2015-09-17 17:03:21,389 [Worker-325] INFO  o.e.m.c.i.embedder.EclipseLogger - Using 'UTF-8' encoding to copy filtered resources.
2015-09-17 17:03:21,389 [Worker-325] INFO  o.e.m.c.i.embedder.EclipseLogger - skip non existing resourceDirectory G:\Eclipse EE\core java\map\src\test\resources
2015-09-17 17:03:22,397 [Worker-333] INFO  o.e.m.c.i.e.AbstractTransferListenerAdapter - Downloading http://repo.maven.apache.org/maven2/org/springframework/spring-context/4.1.4.RELEASE/spring-context-4.1.4.RELEASE-sources.jar
2015-09-17 17:03:26,570 [Worker-333] INFO  o.e.m.c.i.e.AbstractTransferListenerAdapter - Downloaded http://repo.maven.apache.org/maven2/org/springframework/spring-context/4.1.4.RELEASE/spring-context-4.1.4.RELEASE-sources.jar
2015-09-17 17:03:26,792 [Worker-333] INFO  o.e.m.j.internal.DownloadSourcesJob - Downloaded sources for org.springframework:spring-context:4.1.4.RELEASE
2015-09-17 17:03:27,092 [Worker-333] INFO  o.e.m.c.i.e.AbstractTransferListenerAdapter - Downloading http://repo.maven.apache.org/maven2/org/springframework/spring-context/4.1.4.RELEASE/spring-context-4.1.4.RELEASE-javadoc.jar
2015-09-17 17:03:36,953 [Worker-333] INFO  o.e.m.c.i.e.AbstractTransferListenerAdapter - Downloaded http://repo.maven.apache.org/maven2/org/springframework/spring-context/4.1.4.RELEASE/spring-context-4.1.4.RELEASE-javadoc.jar
2015-09-17 17:03:37,044 [Worker-333] INFO  o.e.m.j.internal.DownloadSourcesJob - Downloaded javadoc for org.springframework:spring-context:4.1.4.RELEASE
2015-09-17 17:03:37,339 [Worker-333] INFO  o.e.m.c.i.e.AbstractTransferListenerAdapter - Downloading http://repo.maven.apache.org/maven2/org/springframework/spring-aop/4.1.4.RELEASE/spring-aop-4.1.4.RELEASE-sources.jar
2015-09-17 17:03:38,483 [Worker-333] INFO  o.e.m.c.i.e.AbstractTransferListenerAdapter - Downloaded http://repo.maven.apache.org/maven2/org/springframework/spring-aop/4.1.4.RELEASE/spring-aop-4.1.4.RELEASE-sources.jar
2015-09-17 17:03:38,582 [Worker-333] INFO  o.e.m.j.internal.DownloadSourcesJob - Downloaded sources for org.springframework:spring-aop:4.1.4.RELEASE
2015-09-17 17:03:39,728 [Worker-333] INFO  o.e.m.c.i.e.AbstractTransferListenerAdapter - Downloading http://repo.maven.apache.org/maven2/org/springframework/spring-aop/4.1.4.RELEASE/spring-aop-4.1.4.RELEASE-javadoc.jar
2015-09-17 17:03:42,910 [Worker-333] INFO  o.e.m.c.i.e.AbstractTransferListenerAdapter - Downloaded http://repo.maven.apache.org/maven2/org/springframework/spring-aop/4.1.4.RELEASE/spring-aop-4.1.4.RELEASE-javadoc.jar
2015-09-17 17:03:43,161 [Worker-333] INFO  o.e.m.j.internal.DownloadSourcesJob - Downloaded javadoc for org.springframework:spring-aop:4.1.4.RELEASE
2015-09-17 17:03:43,266 [Worker-333] INFO  o.e.m.c.i.e.AbstractTransferListenerAdapter - Downloading http://repo.maven.apache.org/maven2/aopalliance/aopalliance/1.0/aopalliance-1.0-sources.jar
2015-09-17 17:03:43,696 [Worker-333] INFO  o.e.m.c.i.e.AbstractTransferListenerAdapter - Downloaded http://repo.maven.apache.org/maven2/aopalliance/aopalliance/1.0/aopalliance-1.0-sources.jar
2015-09-17 17:03:43,851 [Worker-333] INFO  o.e.m.j.internal.DownloadSourcesJob - Downloaded sources for aopalliance:aopalliance:1.0
2015-09-17 17:03:44,171 [Worker-333] INFO  o.e.m.c.i.e.AbstractTransferListenerAdapter - Downloaded http://repo.maven.apache.org/maven2/aopalliance/aopalliance/1.0/aopalliance-1.0-javadoc.jar
2015-09-17 17:03:44,239 [Worker-333] ERROR o.e.m.j.internal.DownloadSourcesJob - Could not download sources for aopalliance:aopalliance:1.0
org.eclipse.core.runtime.CoreException: Could not resolve artifact aopalliance:aopalliance:jar:javadoc:1.0
	at org.eclipse.m2e.core.internal.embedder.MavenImpl$5.call(MavenImpl.java:769) ~[org.eclipse.m2e.core_1.5.1.20150109-1820.jar:na]
	at org.eclipse.m2e.core.internal.embedder.MavenImpl$5.call(MavenImpl.java:1) ~[org.eclipse.m2e.core_1.5.1.20150109-1820.jar:na]
	at org.eclipse.m2e.core.internal.embedder.MavenExecutionContext.executeBare(MavenExecutionContext.java:166) [org.eclipse.m2e.core_1.5.1.20150109-1820.jar:na]
	at org.eclipse.m2e.core.internal.embedder.MavenExecutionContext.execute(MavenExecutionContext.java:109) [org.eclipse.m2e.core_1.5.1.20150109-1820.jar:na]
	at org.eclipse.m2e.core.internal.embedder.MavenExecutionContext.execute(MavenExecutionContext.java:96) [org.eclipse.m2e.core_1.5.1.20150109-1820.jar:na]
	at org.eclipse.m2e.core.internal.embedder.MavenImpl.resolve(MavenImpl.java:736) [org.eclipse.m2e.core_1.5.1.20150109-1820.jar:na]
	at org.eclipse.m2e.core.internal.embedder.MavenImpl.resolve(MavenImpl.java:713) [org.eclipse.m2e.core_1.5.1.20150109-1820.jar:na]
	at org.eclipse.m2e.jdt.internal.DownloadSourcesJob.download(DownloadSourcesJob.java:244) [org.eclipse.m2e.jdt_1.5.1.20150109-1820.jar:na]
	at org.eclipse.m2e.jdt.internal.DownloadSourcesJob.downloadAttachments(DownloadSourcesJob.java:232) [org.eclipse.m2e.jdt_1.5.1.20150109-1820.jar:na]
	at org.eclipse.m2e.jdt.internal.DownloadSourcesJob.downloadMaven(DownloadSourcesJob.java:197) [org.eclipse.m2e.jdt_1.5.1.20150109-1820.jar:na]
	at org.eclipse.m2e.jdt.internal.DownloadSourcesJob.run(DownloadSourcesJob.java:153) [org.eclipse.m2e.jdt_1.5.1.20150109-1820.jar:na]
	at org.eclipse.m2e.jdt.internal.DownloadSourcesJob$1.call(DownloadSourcesJob.java:136) [org.eclipse.m2e.jdt_1.5.1.20150109-1820.jar:na]
	at org.eclipse.m2e.jdt.internal.DownloadSourcesJob$1.call(DownloadSourcesJob.java:1) [org.eclipse.m2e.jdt_1.5.1.20150109-1820.jar:na]
	at org.eclipse.m2e.core.internal.embedder.MavenExecutionContext.executeBare(MavenExecutionContext.java:166) [org.eclipse.m2e.core_1.5.1.20150109-1820.jar:na]
	at org.eclipse.m2e.core.internal.embedder.MavenExecutionContext.execute(MavenExecutionContext.java:142) [org.eclipse.m2e.core_1.5.1.20150109-1820.jar:na]
	at org.eclipse.m2e.core.internal.embedder.MavenExecutionContext.execute(MavenExecutionContext.java:96) [org.eclipse.m2e.core_1.5.1.20150109-1820.jar:na]
	at org.eclipse.m2e.core.internal.embedder.MavenImpl.execute(MavenImpl.java:1348) [org.eclipse.m2e.core_1.5.1.20150109-1820.jar:na]
	at org.eclipse.m2e.jdt.internal.DownloadSourcesJob.run(DownloadSourcesJob.java:134) [org.eclipse.m2e.jdt_1.5.1.20150109-1820.jar:na]
	at org.eclipse.core.internal.jobs.Worker.run(Worker.java:54) [org.eclipse.core.jobs_3.6.1.v20141014-1248.jar:na]
2015-09-17 17:03:44,987 [Worker-333] INFO  o.e.m.c.i.e.AbstractTransferListenerAdapter - Downloading http://repo.maven.apache.org/maven2/org/springframework/spring-expression/4.1.4.RELEASE/spring-expression-4.1.4.RELEASE-sources.jar
2015-09-17 17:03:47,134 [Worker-333] INFO  o.e.m.c.i.e.AbstractTransferListenerAdapter - Downloaded http://repo.maven.apache.org/maven2/org/springframework/spring-expression/4.1.4.RELEASE/spring-expression-4.1.4.RELEASE-sources.jar
2015-09-17 17:03:47,272 [Worker-333] INFO  o.e.m.j.internal.DownloadSourcesJob - Downloaded sources for org.springframework:spring-expression:4.1.4.RELEASE
2015-09-17 17:03:47,571 [Worker-333] INFO  o.e.m.c.i.e.AbstractTransferListenerAdapter - Downloading http://repo.maven.apache.org/maven2/org/springframework/spring-expression/4.1.4.RELEASE/spring-expression-4.1.4.RELEASE-javadoc.jar
2015-09-17 17:03:49,544 [Worker-333] INFO  o.e.m.c.i.e.AbstractTransferListenerAdapter - Downloaded http://repo.maven.apache.org/maven2/org/springframework/spring-expression/4.1.4.RELEASE/spring-expression-4.1.4.RELEASE-javadoc.jar
2015-09-17 17:03:49,785 [Worker-333] INFO  o.e.m.j.internal.DownloadSourcesJob - Downloaded javadoc for org.springframework:spring-expression:4.1.4.RELEASE
2015-09-17 17:03:50,001 [Worker-325] INFO  o.e.m.c.i.embedder.EclipseLogger - Using 'UTF-8' encoding to copy filtered resources.
2015-09-17 17:03:50,001 [Worker-325] INFO  o.e.m.c.i.embedder.EclipseLogger - skip non existing resourceDirectory G:\Eclipse EE\core java\map\src\main\resources
2015-09-17 17:03:50,003 [Worker-325] INFO  o.e.m.c.i.embedder.EclipseLogger - Using 'UTF-8' encoding to copy filtered resources.
2015-09-17 17:03:50,003 [Worker-325] INFO  o.e.m.c.i.embedder.EclipseLogger - skip non existing resourceDirectory G:\Eclipse EE\core java\map\src\test\resources
2015-09-17 17:07:07,205 [Worker-337] INFO  o.e.m.c.i.embedder.EclipseLogger - Using 'UTF-8' encoding to copy filtered resources.
2015-09-17 17:07:07,205 [Worker-337] INFO  o.e.m.c.i.embedder.EclipseLogger - skip non existing resourceDirectory G:\Eclipse EE\core java\map\src\main\resources
2015-09-17 17:07:07,208 [Worker-337] INFO  o.e.m.c.i.embedder.EclipseLogger - Using 'UTF-8' encoding to copy filtered resources.
2015-09-17 17:07:07,208 [Worker-337] INFO  o.e.m.c.i.embedder.EclipseLogger - skip non existing resourceDirectory G:\Eclipse EE\core java\map\src\test\resources
2015-09-17 17:07:48,609 [Worker-331] INFO  o.e.m.c.i.embedder.EclipseLogger - Using 'UTF-8' encoding to copy filtered resources.
2015-09-17 17:07:48,610 [Worker-331] INFO  o.e.m.c.i.embedder.EclipseLogger - skip non existing resourceDirectory G:\Eclipse EE\core java\map\src\main\resources
2015-09-17 17:07:48,612 [Worker-331] INFO  o.e.m.c.i.embedder.EclipseLogger - Using 'UTF-8' encoding to copy filtered resources.
2015-09-17 17:07:48,612 [Worker-331] INFO  o.e.m.c.i.embedder.EclipseLogger - skip non existing resourceDirectory G:\Eclipse EE\core java\map\src\test\resources
2015-09-17 17:10:30,641 [Worker-339] INFO  o.e.m.c.i.l.LifecycleMappingFactory - Using org.eclipse.m2e.jdt.JarLifecycleMapping lifecycle mapping for MavenProject: com.spring.di:map:0.0.1-SNAPSHOT @ G:\Eclipse EE\core java\map\pom.xml.
2015-09-17 17:10:30,958 [Worker-339] INFO  o.e.m.c.i.embedder.EclipseLogger - Using 'UTF-8' encoding to copy filtered resources.
2015-09-17 17:10:31,014 [Worker-339] INFO  o.e.m.c.i.embedder.EclipseLogger - Copying 0 resource
2015-09-17 17:10:31,015 [Worker-339] INFO  o.e.m.c.i.embedder.EclipseLogger - Using 'UTF-8' encoding to copy filtered resources.
2015-09-17 17:10:31,016 [Worker-339] INFO  o.e.m.c.i.embedder.EclipseLogger - skip non existing resourceDirectory G:\Eclipse EE\core java\map\src\test\resources
2015-09-17 17:12:29,940 [Worker-333] INFO  o.e.m.c.i.embedder.EclipseLogger - Using 'UTF-8' encoding to copy filtered resources.
2015-09-17 17:12:29,943 [Worker-333] INFO  o.e.m.c.i.embedder.EclipseLogger - Copying 1 resource
2015-09-17 17:12:29,995 [Worker-333] INFO  o.e.m.c.i.embedder.EclipseLogger - Using 'UTF-8' encoding to copy filtered resources.
2015-09-17 17:12:29,996 [Worker-333] INFO  o.e.m.c.i.embedder.EclipseLogger - skip non existing resourceDirectory G:\Eclipse EE\core java\map\src\test\resources
2015-09-17 17:12:39,727 [Worker-338] INFO  o.e.m.c.i.embedder.EclipseLogger - Using 'UTF-8' encoding to copy filtered resources.
2015-09-17 17:12:39,728 [Worker-338] INFO  o.e.m.c.i.embedder.EclipseLogger - Copying 0 resource
2015-09-17 17:12:39,729 [Worker-338] INFO  o.e.m.c.i.embedder.EclipseLogger - Using 'UTF-8' encoding to copy filtered resources.
2015-09-17 17:12:39,729 [Worker-338] INFO  o.e.m.c.i.embedder.EclipseLogger - skip non existing resourceDirectory G:\Eclipse EE\core java\map\src\test\resources
2015-09-17 17:28:37,068 [Worker-331] INFO  o.e.m.c.i.l.LifecycleMappingFactory - Using org.eclipse.m2e.jdt.JarLifecycleMapping lifecycle mapping for MavenProject: com.spring.di:map:0.0.1-SNAPSHOT @ G:\Eclipse EE\core java\spring\pom.xml.
2015-09-17 17:28:38,220 [Worker-330] INFO  o.e.m.c.i.embedder.EclipseLogger - Using 'UTF-8' encoding to copy filtered resources.
2015-09-17 17:28:38,223 [Worker-330] INFO  o.e.m.c.i.embedder.EclipseLogger - Copying 1 resource
2015-09-17 17:28:38,226 [Worker-330] INFO  o.e.m.c.i.embedder.EclipseLogger - Using 'UTF-8' encoding to copy filtered resources.
2015-09-17 17:28:38,226 [Worker-330] INFO  o.e.m.c.i.embedder.EclipseLogger - skip non existing resourceDirectory G:\Eclipse EE\core java\spring\src\test\resources
2015-09-17 17:29:45,005 [Worker-344] INFO  o.e.m.c.i.embedder.EclipseLogger - Using 'UTF-8' encoding to copy filtered resources.
2015-09-17 17:29:45,005 [Worker-344] INFO  o.e.m.c.i.embedder.EclipseLogger - Copying 0 resource
2015-09-17 17:29:45,007 [Worker-344] INFO  o.e.m.c.i.embedder.EclipseLogger - Using 'UTF-8' encoding to copy filtered resources.
2015-09-17 17:29:45,007 [Worker-344] INFO  o.e.m.c.i.embedder.EclipseLogger - skip non existing resourceDirectory G:\Eclipse EE\core java\spring\src\test\resources
2015-09-17 17:29:59,409 [Worker-342] INFO  o.e.m.c.i.embedder.EclipseLogger - Using 'UTF-8' encoding to copy filtered resources.
2015-09-17 17:29:59,410 [Worker-342] INFO  o.e.m.c.i.embedder.EclipseLogger - Copying 1 resource
2015-09-17 17:29:59,412 [Worker-342] INFO  o.e.m.c.i.embedder.EclipseLogger - Using 'UTF-8' encoding to copy filtered resources.
2015-09-17 17:29:59,412 [Worker-342] INFO  o.e.m.c.i.embedder.EclipseLogger - skip non existing resourceDirectory G:\Eclipse EE\core java\spring\src\test\resources
